
  .   ____          _            __ _ _
 /\\ / ___'_ __ _ _(_)_ __  __ _ \ \ \ \
( ( )\___ | '_ | '_| | '_ \/ _` | \ \ \ \
 \\/  ___)| |_)| | | | | || (_| |  ) ) ) )
  '  |____| .__|_| |_|_| |_\__, | / / / /
 =========|_|==============|___/=/_/_/_/

 :: Spring Boot ::                (v4.0.6)

2026-06-08T05:34:10.775Z  INFO 1 --- [MyBatisInventoryManagementSample] [           main] atisInventoryManagementSampleApplication : Starting MyBatisInventoryManagementSampleApplication v0.0.1-SNAPSHOT using Java 21.0.11 with PID 1 (/app.jar started by root in /)
2026-06-08T05:34:10.780Z DEBUG 1 --- [MyBatisInventoryManagementSample] [           main] atisInventoryManagementSampleApplication : Running with Spring Boot v4.0.6, Spring v7.0.7
2026-06-08T05:34:10.782Z  INFO 1 --- [MyBatisInventoryManagementSample] [           main] atisInventoryManagementSampleApplication : No active profile set, falling back to 1 default profile: "default"
2026-06-08T05:34:12.169Z  INFO 1 --- [MyBatisInventoryManagementSample] [           main] o.s.boot.tomcat.TomcatWebServer          : Tomcat initialized with port 8080 (http)
2026-06-08T05:34:12.184Z  INFO 1 --- [MyBatisInventoryManagementSample] [           main] o.apache.catalina.core.StandardService   : Starting service [Tomcat]
2026-06-08T05:34:12.185Z  INFO 1 --- [MyBatisInventoryManagementSample] [           main] o.apache.catalina.core.StandardEngine    : Starting Servlet engine: [Apache Tomcat/11.0.21]
2026-06-08T05:34:12.208Z  INFO 1 --- [MyBatisInventoryManagementSample] [           main] b.w.c.s.WebApplicationContextInitializer : Root WebApplicationContext: initialization completed in 1337 ms
2026-06-08T05:34:12.359Z  INFO 1 --- [MyBatisInventoryManagementSample] [           main] com.zaxxer.hikari.HikariDataSource       : HikariPool-1 - Starting...
2026-06-08T05:34:12.557Z  INFO 1 --- [MyBatisInventoryManagementSample] [           main] com.zaxxer.hikari.pool.HikariPool        : HikariPool-1 - Added connection org.postgresql.jdbc.PgConnection@10850d17
2026-06-08T05:34:12.558Z  INFO 1 --- [MyBatisInventoryManagementSample] [           main] com.zaxxer.hikari.HikariDataSource       : HikariPool-1 - Start completed.
2026-06-08T05:34:13.189Z  INFO 1 --- [MyBatisInventoryManagementSample] [           main] r$InitializeUserDetailsManagerConfigurer : Global AuthenticationManager configured with UserDetailsService bean with name userDetailsServiceImpl
2026-06-08T05:34:13.327Z DEBUG 1 --- [MyBatisInventoryManagementSample] [           main] o.s.s.web.DefaultSecurityFilterChain     : Will secure any request with filters: DisableEncodeUrlFilter, WebAsyncManagerIntegrationFilter, SecurityContextHolderFilter, HeaderWriterFilter, CsrfFilter, LogoutFilter, UsernamePasswordAuthenticationFilter, RequestCacheAwareFilter, SecurityContextHolderAwareRequestFilter, AnonymousAuthenticationFilter, ExceptionTranslationFilter, AuthorizationFilter
2026-06-08T05:34:13.736Z  INFO 1 --- [MyBatisInventoryManagementSample] [           main] o.s.boot.tomcat.TomcatWebServer          : Tomcat started on port 8080 (http) with context path '/'
2026-06-08T05:34:13.746Z  INFO 1 --- [MyBatisInventoryManagementSample] [           main] atisInventoryManagementSampleApplication : Started MyBatisInventoryManagementSampleApplication in 3.586 seconds (process running for 4.36)
2026-06-08T05:34:26.168Z  INFO 1 --- [MyBatisInventoryManagementSample] [nio-8080-exec-1] o.a.c.c.C.[Tomcat].[localhost].[/]       : Initializing Spring DispatcherServlet 'dispatcherServlet'
2026-06-08T05:34:26.169Z  INFO 1 --- [MyBatisInventoryManagementSample] [nio-8080-exec-1] o.s.web.servlet.DispatcherServlet        : Initializing Servlet 'dispatcherServlet'
2026-06-08T05:34:26.170Z  INFO 1 --- [MyBatisInventoryManagementSample] [nio-8080-exec-1] o.s.web.servlet.DispatcherServlet        : Completed initialization in 1 ms
2026-06-08T05:34:26.178Z DEBUG 1 --- [MyBatisInventoryManagementSample] [nio-8080-exec-1] o.s.security.web.FilterChainProxy        : Securing GET /login
2026-06-08T05:34:26.185Z DEBUG 1 --- [MyBatisInventoryManagementSample] [nio-8080-exec-1] o.s.security.web.FilterChainProxy        : Secured GET /login
2026-06-08T05:34:26.529Z DEBUG 1 --- [MyBatisInventoryManagementSample] [nio-8080-exec-1] o.s.s.w.a.AnonymousAuthenticationFilter  : Set SecurityContextHolder to anonymous SecurityContext
2026-06-08T05:34:32.813Z DEBUG 1 --- [MyBatisInventoryManagementSample] [nio-8080-exec-2] o.s.security.web.FilterChainProxy        : Securing POST /login
2026-06-08T05:34:32.900Z DEBUG 1 --- [MyBatisInventoryManagementSample] [nio-8080-exec-2] c.e.d.m.UserInfoMapper.findByUserId      : ==>  Preparing: SELECT u.user_id as userId , u.password as password , u.role_id as roleId , r.name as roleName FROM user_info u LEFT JOIN role r ON u.role_id = r.id WHERE user_id = ?
2026-06-08T05:34:32.913Z DEBUG 1 --- [MyBatisInventoryManagementSample] [nio-8080-exec-2] c.e.d.m.UserInfoMapper.findByUserId      : ==> Parameters: admin(String)
2026-06-08T05:34:32.935Z DEBUG 1 --- [MyBatisInventoryManagementSample] [nio-8080-exec-2] c.e.d.m.UserInfoMapper.findByUserId      : <==      Total: 1
★DEBUG: DBのユーザーID: admin
★DEBUG: DBのパスワード(ハッシュ): $2a$10$w.9k3R8FqX4.O/p5s3E1Ie3h/jD.eC4tQ4U7v9cE5h6.X3e1k5Q.G
2026-06-08T05:34:33.006Z DEBUG 1 --- [MyBatisInventoryManagementSample] [nio-8080-exec-2] o.s.s.a.dao.DaoAuthenticationProvider    : Failed to authenticate since password does not match stored value
2026-06-08T05:34:33.008Z DEBUG 1 --- [MyBatisInventoryManagementSample] [nio-8080-exec-2] o.s.s.authentication.ProviderManager     : Authentication failed with provider DaoAuthenticationProvider since ユーザ名かパスワードが正しくありません
2026-06-08T05:34:33.009Z DEBUG 1 --- [MyBatisInventoryManagementSample] [nio-8080-exec-2] o.s.s.authentication.ProviderManager     : Denying authentication since all attempted providers failed
2026-06-08T05:34:33.009Z DEBUG 1 --- [MyBatisInventoryManagementSample] [nio-8080-exec-2] o.s.s.web.DefaultRedirectStrategy        : Redirecting to /login?error
2026-06-08T05:34:33.016Z DEBUG 1 --- [MyBatisInventoryManagementSample] [nio-8080-exec-3] o.s.security.web.FilterChainProxy        : Securing GET /login?error
2026-06-08T05:34:33.020Z DEBUG 1 --- [MyBatisInventoryManagementSample] [nio-8080-exec-3] o.s.security.web.FilterChainProxy        : Secured GET /login?error
2026-06-08T05:34:33.022Z DEBUG 1 --- [MyBatisInventoryManagementSample] [nio-8080-exec-3] o.s.s.w.a.AnonymousAuthenticationFilter  : Set SecurityContextHolder to anonymous SecurityContext
2026-06-08T06:03:16.373Z DEBUG 1 --- [MyBatisInventoryManagementSample] [nio-8080-exec-6] o.s.security.web.FilterChainProxy        : Securing POST /login
2026-06-08T06:03:16.375Z DEBUG 1 --- [MyBatisInventoryManagementSample] [nio-8080-exec-6] c.e.d.m.UserInfoMapper.findByUserId      : ==>  Preparing: SELECT u.user_id as userId , u.password as password , u.role_id as roleId , r.name as roleName FROM user_info u LEFT JOIN role r ON u.role_id = r.id WHERE user_id = ?
2026-06-08T06:03:16.376Z DEBUG 1 --- [MyBatisInventoryManagementSample] [nio-8080-exec-6] c.e.d.m.UserInfoMapper.findByUserId      : ==> Parameters: admin(String)
2026-06-08T06:03:16.380Z DEBUG 1 --- [MyBatisInventoryManagementSample] [nio-8080-exec-6] c.e.d.m.UserInfoMapper.findByUserId      : <==      Total: 1
★DEBUG: DBのユーザーID: admin
★DEBUG: DBのパスワード(ハッシュ): $2a$10$w.9k3R8FqX4.O/p5s3E1Ie3h/jD.eC4tQ4U7v9cE5h6.X3e1k5Q.G
2026-06-08T06:03:16.439Z DEBUG 1 --- [MyBatisInventoryManagementSample] [nio-8080-exec-6] o.s.s.a.dao.DaoAuthenticationProvider    : Failed to authenticate since password does not match stored value
2026-06-08T06:03:16.439Z DEBUG 1 --- [MyBatisInventoryManagementSample] [nio-8080-exec-6] o.s.s.authentication.ProviderManager     : Authentication failed with provider DaoAuthenticationProvider since ユーザ名かパスワードが正しくありません
2026-06-08T06:03:16.439Z DEBUG 1 --- [MyBatisInventoryManagementSample] [nio-8080-exec-6] o.s.s.authentication.ProviderManager     : Denying authentication since all attempted providers failed
2026-06-08T06:03:16.439Z DEBUG 1 --- [MyBatisInventoryManagementSample] [nio-8080-exec-6] o.s.s.web.DefaultRedirectStrategy        : Redirecting to /login?error
2026-06-08T06:03:16.446Z DEBUG 1 --- [MyBatisInventoryManagementSample] [nio-8080-exec-7] o.s.security.web.FilterChainProxy        : Securing GET /login?error
2026-06-08T06:03:16.447Z DEBUG 1 --- [MyBatisInventoryManagementSample] [nio-8080-exec-7] o.s.security.web.FilterChainProxy        : Secured GET /login?error
2026-06-08T06:03:16.450Z DEBUG 1 --- [MyBatisInventoryManagementSample] [nio-8080-exec-7] o.s.s.w.a.AnonymousAuthenticationFilter  : Set SecurityContextHolder to anonymous SecurityContext
